mode: set
github.com/tadschnitzer/universal-session-viewer/go-backend/internal/llm/validator/json_validator.go:20.58,29.64 3 1
github.com/tadschnitzer/universal-session-viewer/go-backend/internal/llm/validator/json_validator.go:29.64,32.3 1 1
github.com/tadschnitzer/universal-session-viewer/go-backend/internal/llm/validator/json_validator.go:35.2,36.19 2 1
github.com/tadschnitzer/universal-session-viewer/go-backend/internal/llm/validator/json_validator.go:36.19,39.3 2 1
github.com/tadschnitzer/universal-session-viewer/go-backend/internal/llm/validator/json_validator.go:41.2,41.67 1 1
github.com/tadschnitzer/universal-session-viewer/go-backend/internal/llm/validator/json_validator.go:41.67,44.3 2 1
github.com/tadschnitzer/universal-session-viewer/go-backend/internal/llm/validator/json_validator.go:46.2,46.53 1 1
github.com/tadschnitzer/universal-session-viewer/go-backend/internal/llm/validator/json_validator.go:50.100,52.30 1 1
github.com/tadschnitzer/universal-session-viewer/go-backend/internal/llm/validator/json_validator.go:52.30,54.3 1 1
github.com/tadschnitzer/universal-session-viewer/go-backend/internal/llm/validator/json_validator.go:56.2,56.30 1 1
github.com/tadschnitzer/universal-session-viewer/go-backend/internal/llm/validator/json_validator.go:56.30,58.3 1 1
github.com/tadschnitzer/universal-session-viewer/go-backend/internal/llm/validator/json_validator.go:61.2,61.78 1 1
github.com/tadschnitzer/universal-session-viewer/go-backend/internal/llm/validator/json_validator.go:61.78,63.3 1 1
github.com/tadschnitzer/universal-session-viewer/go-backend/internal/llm/validator/json_validator.go:66.2,66.30 1 1
github.com/tadschnitzer/universal-session-viewer/go-backend/internal/llm/validator/json_validator.go:66.30,67.45 1 1
github.com/tadschnitzer/universal-session-viewer/go-backend/internal/llm/validator/json_validator.go:67.45,68.24 1 1
github.com/tadschnitzer/universal-session-viewer/go-backend/internal/llm/validator/json_validator.go:68.24,70.5 1 1
github.com/tadschnitzer/universal-session-viewer/go-backend/internal/llm/validator/json_validator.go:71.4,71.27 1 1
github.com/tadschnitzer/universal-session-viewer/go-backend/internal/llm/validator/json_validator.go:71.27,73.5 1 1
github.com/tadschnitzer/universal-session-viewer/go-backend/internal/llm/validator/json_validator.go:74.4,74.33 1 1
github.com/tadschnitzer/universal-session-viewer/go-backend/internal/llm/validator/json_validator.go:74.33,76.5 1 1
github.com/tadschnitzer/universal-session-viewer/go-backend/internal/llm/validator/json_validator.go:77.4,77.56 1 1
github.com/tadschnitzer/universal-session-viewer/go-backend/internal/llm/validator/json_validator.go:77.56,79.5 1 1
github.com/tadschnitzer/universal-session-viewer/go-backend/internal/llm/validator/json_validator.go:84.2,84.30 1 1
github.com/tadschnitzer/universal-session-viewer/go-backend/internal/llm/validator/json_validator.go:84.30,85.39 1 1
github.com/tadschnitzer/universal-session-viewer/go-backend/internal/llm/validator/json_validator.go:85.39,87.4 1 0
github.com/tadschnitzer/universal-session-viewer/go-backend/internal/llm/validator/json_validator.go:88.3,88.41 1 1
github.com/tadschnitzer/universal-session-viewer/go-backend/internal/llm/validator/json_validator.go:88.41,90.4 1 1
github.com/tadschnitzer/universal-session-viewer/go-backend/internal/llm/validator/json_validator.go:94.2,94.29 1 1
github.com/tadschnitzer/universal-session-viewer/go-backend/internal/llm/validator/json_validator.go:94.29,97.3 2 1
github.com/tadschnitzer/universal-session-viewer/go-backend/internal/llm/validator/json_validator.go:99.2,99.15 1 1
github.com/tadschnitzer/universal-session-viewer/go-backend/internal/llm/validator/json_validator.go:103.38,106.17 2 1
github.com/tadschnitzer/universal-session-viewer/go-backend/internal/llm/validator/json_validator.go:106.17,109.16 3 1
github.com/tadschnitzer/universal-session-viewer/go-backend/internal/llm/validator/json_validator.go:109.16,111.4 1 1
github.com/tadschnitzer/universal-session-viewer/go-backend/internal/llm/validator/json_validator.go:115.2,116.17 2 1
github.com/tadschnitzer/universal-session-viewer/go-backend/internal/llm/validator/json_validator.go:116.17,122.38 4 1
github.com/tadschnitzer/universal-session-viewer/go-backend/internal/llm/validator/json_validator.go:122.38,123.14 1 1
github.com/tadschnitzer/universal-session-viewer/go-backend/internal/llm/validator/json_validator.go:123.14,125.13 2 1
github.com/tadschnitzer/universal-session-viewer/go-backend/internal/llm/validator/json_validator.go:128.4,128.19 1 1
github.com/tadschnitzer/universal-session-viewer/go-backend/internal/llm/validator/json_validator.go:129.14,130.18 1 1
github.com/tadschnitzer/universal-session-viewer/go-backend/internal/llm/validator/json_validator.go:131.13,132.25 1 1
github.com/tadschnitzer/universal-session-viewer/go-backend/internal/llm/validator/json_validator.go:133.13,134.18 1 1
github.com/tadschnitzer/universal-session-viewer/go-backend/internal/llm/validator/json_validator.go:134.18,136.6 1 1
github.com/tadschnitzer/universal-session-viewer/go-backend/internal/llm/validator/json_validator.go:137.13,138.18 1 1
github.com/tadschnitzer/universal-session-viewer/go-backend/internal/llm/validator/json_validator.go:138.18,140.20 2 1
github.com/tadschnitzer/universal-session-viewer/go-backend/internal/llm/validator/json_validator.go:140.20,142.7 1 1
github.com/tadschnitzer/universal-session-viewer/go-backend/internal/llm/validator/json_validator.go:148.2,148.11 1 1
github.com/tadschnitzer/universal-session-viewer/go-backend/internal/llm/validator/json_validator.go:152.62,153.18 1 1
github.com/tadschnitzer/universal-session-viewer/go-backend/internal/llm/validator/json_validator.go:153.18,155.31 2 1
github.com/tadschnitzer/universal-session-viewer/go-backend/internal/llm/validator/json_validator.go:155.31,157.4 1 1
github.com/tadschnitzer/universal-session-viewer/go-backend/internal/llm/validator/json_validator.go:158.3,158.57 1 1
github.com/tadschnitzer/universal-session-viewer/go-backend/internal/llm/validator/json_validator.go:161.2,163.30 3 1
github.com/tadschnitzer/universal-session-viewer/go-backend/internal/llm/validator/json_validator.go:163.30,165.3 1 0
github.com/tadschnitzer/universal-session-viewer/go-backend/internal/llm/validator/json_validator.go:167.2,167.80 1 1
github.com/tadschnitzer/universal-session-viewer/go-backend/cmd/session-viewer/main.go:37.13,42.16 2 1
github.com/tadschnitzer/universal-session-viewer/go-backend/cmd/session-viewer/main.go:42.16,45.3 2 0
github.com/tadschnitzer/universal-session-viewer/go-backend/cmd/session-viewer/main.go:47.2,47.22 1 1
github.com/tadschnitzer/universal-session-viewer/go-backend/cmd/session-viewer/main.go:47.22,50.3 2 1
github.com/tadschnitzer/universal-session-viewer/go-backend/cmd/session-viewer/main.go:52.2,54.17 2 1
github.com/tadschnitzer/universal-session-viewer/go-backend/cmd/session-viewer/main.go:55.17,56.21 1 1
github.com/tadschnitzer/universal-session-viewer/go-backend/cmd/session-viewer/main.go:57.16,58.17 1 1
github.com/tadschnitzer/universal-session-viewer/go-backend/cmd/session-viewer/main.go:59.14,60.15 1 1
github.com/tadschnitzer/universal-session-viewer/go-backend/cmd/session-viewer/main.go:61.10,62.60 1 1
github.com/tadschnitzer/universal-session-viewer/go-backend/cmd/session-viewer/main.go:66.19,76.2 2 1
github.com/tadschnitzer/universal-session-viewer/go-backend/cmd/session-viewer/main.go:79.40,80.22 1 1
github.com/tadschnitzer/universal-session-viewer/go-backend/cmd/session-viewer/main.go:80.22,83.3 2 1
github.com/tadschnitzer/universal-session-viewer/go-backend/cmd/session-viewer/main.go:86.2,87.39 2 1
github.com/tadschnitzer/universal-session-viewer/go-backend/cmd/session-viewer/main.go:87.39,88.26 1 1
github.com/tadschnitzer/universal-session-viewer/go-backend/cmd/session-viewer/main.go:88.26,89.9 1 0
github.com/tadschnitzer/universal-session-viewer/go-backend/cmd/session-viewer/main.go:91.3,91.21 1 1
github.com/tadschnitzer/universal-session-viewer/go-backend/cmd/session-viewer/main.go:92.23,93.28 1 1
github.com/tadschnitzer/universal-session-viewer/go-backend/cmd/session-viewer/main.go:94.20,95.26 1 1
github.com/tadschnitzer/universal-session-viewer/go-backend/cmd/session-viewer/main.go:99.2,99.38 1 1
github.com/tadschnitzer/universal-session-viewer/go-backend/cmd/session-viewer/main.go:99.38,102.3 2 1
github.com/tadschnitzer/universal-session-viewer/go-backend/cmd/session-viewer/main.go:105.2,116.53 7 0
github.com/tadschnitzer/universal-session-viewer/go-backend/cmd/session-viewer/main.go:116.53,120.19 3 0
github.com/tadschnitzer/universal-session-viewer/go-backend/cmd/session-viewer/main.go:120.19,134.4 2 0
github.com/tadschnitzer/universal-session-viewer/go-backend/cmd/session-viewer/main.go:134.9,165.4 2 0
github.com/tadschnitzer/universal-session-viewer/go-backend/cmd/session-viewer/main.go:167.3,172.17 3 0
github.com/tadschnitzer/universal-session-viewer/go-backend/cmd/session-viewer/main.go:172.17,175.9 2 0
github.com/tadschnitzer/universal-session-viewer/go-backend/cmd/session-viewer/main.go:179.3,180.33 2 0
github.com/tadschnitzer/universal-session-viewer/go-backend/cmd/session-viewer/main.go:180.33,182.4 1 0
github.com/tadschnitzer/universal-session-viewer/go-backend/cmd/session-viewer/main.go:183.3,189.15 4 0
github.com/tadschnitzer/universal-session-viewer/go-backend/cmd/session-viewer/main.go:189.15,192.9 2 0
github.com/tadschnitzer/universal-session-viewer/go-backend/cmd/session-viewer/main.go:196.3,196.27 1 0
github.com/tadschnitzer/universal-session-viewer/go-backend/cmd/session-viewer/main.go:196.27,198.12 2 0
github.com/tadschnitzer/universal-session-viewer/go-backend/cmd/session-viewer/main.go:199.9,201.4 1 0
github.com/tadschnitzer/universal-session-viewer/go-backend/cmd/session-viewer/main.go:204.2,204.16 1 0
github.com/tadschnitzer/universal-session-viewer/go-backend/cmd/session-viewer/main.go:204.16,212.3 3 0
github.com/tadschnitzer/universal-session-viewer/go-backend/cmd/session-viewer/main.go:214.2,219.23 2 0
github.com/tadschnitzer/universal-session-viewer/go-backend/cmd/session-viewer/main.go:223.21,224.22 1 1
github.com/tadschnitzer/universal-session-viewer/go-backend/cmd/session-viewer/main.go:224.22,227.3 2 1
github.com/tadschnitzer/universal-session-viewer/go-backend/cmd/session-viewer/main.go:229.2,230.39 2 1
github.com/tadschnitzer/universal-session-viewer/go-backend/cmd/session-viewer/main.go:230.39,231.26 1 1
github.com/tadschnitzer/universal-session-viewer/go-backend/cmd/session-viewer/main.go:231.26,232.9 1 1
github.com/tadschnitzer/universal-session-viewer/go-backend/cmd/session-viewer/main.go:234.3,234.29 1 0
github.com/tadschnitzer/universal-session-viewer/go-backend/cmd/session-viewer/main.go:234.29,236.4 1 0
github.com/tadschnitzer/universal-session-viewer/go-backend/cmd/session-viewer/main.go:239.2,239.20 1 1
github.com/tadschnitzer/universal-session-viewer/go-backend/cmd/session-viewer/main.go:239.20,242.3 2 1
github.com/tadschnitzer/universal-session-viewer/go-backend/cmd/session-viewer/main.go:245.2,246.16 2 0
github.com/tadschnitzer/universal-session-viewer/go-backend/cmd/session-viewer/main.go:246.16,249.3 2 0
github.com/tadschnitzer/universal-session-viewer/go-backend/cmd/session-viewer/main.go:251.2,251.23 1 0
github.com/tadschnitzer/universal-session-viewer/go-backend/cmd/session-viewer/main.go:255.66,257.16 2 1
github.com/tadschnitzer/universal-session-viewer/go-backend/cmd/session-viewer/main.go:257.16,259.3 1 1
github.com/tadschnitzer/universal-session-viewer/go-backend/cmd/session-viewer/main.go:260.2,265.21 4 1
github.com/tadschnitzer/universal-session-viewer/go-backend/cmd/session-viewer/main.go:265.21,267.47 2 1
github.com/tadschnitzer/universal-session-viewer/go-backend/cmd/session-viewer/main.go:267.47,268.12 1 0
github.com/tadschnitzer/universal-session-viewer/go-backend/cmd/session-viewer/main.go:271.3,272.10 2 1
github.com/tadschnitzer/universal-session-viewer/go-backend/cmd/session-viewer/main.go:272.10,273.12 1 0
github.com/tadschnitzer/universal-session-viewer/go-backend/cmd/session-viewer/main.go:276.3,278.24 2 1
github.com/tadschnitzer/universal-session-viewer/go-backend/cmd/session-viewer/main.go:278.24,279.67 1 1
github.com/tadschnitzer/universal-session-viewer/go-backend/cmd/session-viewer/main.go:279.67,280.55 1 1
github.com/tadschnitzer/universal-session-viewer/go-backend/cmd/session-viewer/main.go:280.55,286.6 1 1
github.com/tadschnitzer/universal-session-viewer/go-backend/cmd/session-viewer/main.go:288.9,288.36 1 1
github.com/tadschnitzer/universal-session-viewer/go-backend/cmd/session-viewer/main.go:288.36,289.67 1 1
github.com/tadschnitzer/universal-session-viewer/go-backend/cmd/session-viewer/main.go:289.67,290.67 1 1
github.com/tadschnitzer/universal-session-viewer/go-backend/cmd/session-viewer/main.go:290.67,292.41 2 1
github.com/tadschnitzer/universal-session-viewer/go-backend/cmd/session-viewer/main.go:292.41,293.61 1 1
github.com/tadschnitzer/universal-session-viewer/go-backend/cmd/session-viewer/main.go:293.61,294.81 1 1
github.com/tadschnitzer/universal-session-viewer/go-backend/cmd/session-viewer/main.go:294.81,295.54 1 1
github.com/tadschnitzer/universal-session-viewer/go-backend/cmd/session-viewer/main.go:295.54,297.10 1 1
github.com/tadschnitzer/universal-session-viewer/go-backend/cmd/session-viewer/main.go:301.6,301.29 1 1
github.com/tadschnitzer/universal-session-viewer/go-backend/cmd/session-viewer/main.go:301.29,307.7 1 1
github.com/tadschnitzer/universal-session-viewer/go-backend/cmd/session-viewer/main.go:314.2,314.24 1 1
github.com/tadschnitzer/universal-session-viewer/go-backend/cmd/session-viewer/main.go:314.24,316.3 1 1
github.com/tadschnitzer/universal-session-viewer/go-backend/cmd/session-viewer/main.go:318.2,318.22 1 1
github.com/tadschnitzer/universal-session-viewer/go-backend/cmd/session-viewer/main.go:322.46,324.74 1 1
github.com/tadschnitzer/universal-session-viewer/go-backend/cmd/session-viewer/main.go:324.74,326.3 1 1
github.com/tadschnitzer/universal-session-viewer/go-backend/cmd/session-viewer/main.go:327.2,327.75 1 1
github.com/tadschnitzer/universal-session-viewer/go-backend/cmd/session-viewer/main.go:327.75,329.3 1 1
github.com/tadschnitzer/universal-session-viewer/go-backend/cmd/session-viewer/main.go:330.2,330.73 1 1
github.com/tadschnitzer/universal-session-viewer/go-backend/cmd/session-viewer/main.go:330.73,332.3 1 1
github.com/tadschnitzer/universal-session-viewer/go-backend/cmd/session-viewer/main.go:333.2,333.83 1 1
github.com/tadschnitzer/universal-session-viewer/go-backend/cmd/session-viewer/main.go:333.83,335.3 1 1
github.com/tadschnitzer/universal-session-viewer/go-backend/cmd/session-viewer/main.go:337.2,337.213 1 1
github.com/tadschnitzer/universal-session-viewer/go-backend/cmd/session-viewer/main.go:341.55,343.35 2 1
github.com/tadschnitzer/universal-session-viewer/go-backend/cmd/session-viewer/main.go:343.35,344.63 1 1
github.com/tadschnitzer/universal-session-viewer/go-backend/cmd/session-viewer/main.go:344.63,346.4 1 1
github.com/tadschnitzer/universal-session-viewer/go-backend/cmd/session-viewer/main.go:348.2,348.14 1 1
github.com/tadschnitzer/universal-session-viewer/go-backend/cmd/session-viewer/main.go:352.52,353.20 1 1
github.com/tadschnitzer/universal-session-viewer/go-backend/cmd/session-viewer/main.go:353.20,355.3 1 1
github.com/tadschnitzer/universal-session-viewer/go-backend/cmd/session-viewer/main.go:356.2,356.20 1 1
github.com/tadschnitzer/universal-session-viewer/go-backend/cmd/session-viewer/main.go:356.20,358.3 1 1
github.com/tadschnitzer/universal-session-viewer/go-backend/cmd/session-viewer/main.go:360.2,361.29 2 1
github.com/tadschnitzer/universal-session-viewer/go-backend/cmd/session-viewer/main.go:361.29,363.3 1 1
github.com/tadschnitzer/universal-session-viewer/go-backend/cmd/session-viewer/main.go:364.2,364.15 1 1
github.com/tadschnitzer/universal-session-viewer/go-backend/cmd/session-viewer/main.go:368.36,370.16 2 1
github.com/tadschnitzer/universal-session-viewer/go-backend/cmd/session-viewer/main.go:370.16,373.3 2 0
github.com/tadschnitzer/universal-session-viewer/go-backend/cmd/session-viewer/main.go:374.2,374.31 1 1
github.com/tadschnitzer/universal-session-viewer/go-backend/cmd/session-viewer/main.go:378.35,383.2 2 1
github.com/tadschnitzer/universal-session-viewer/go-backend/cmd/session-viewer/main.go:387.44,391.43 2 1
github.com/tadschnitzer/universal-session-viewer/go-backend/cmd/session-viewer/main.go:391.43,393.3 1 1
github.com/tadschnitzer/universal-session-viewer/go-backend/cmd/session-viewer/main.go:396.2,421.38 2 1
github.com/tadschnitzer/universal-session-viewer/go-backend/cmd/session-viewer/main.go:421.38,422.46 1 1
github.com/tadschnitzer/universal-session-viewer/go-backend/cmd/session-viewer/main.go:422.46,424.4 1 1
github.com/tadschnitzer/universal-session-viewer/go-backend/cmd/session-viewer/main.go:428.2,429.30 2 1
github.com/tadschnitzer/universal-session-viewer/go-backend/cmd/session-viewer/main.go:429.30,431.3 1 1
github.com/tadschnitzer/universal-session-viewer/go-backend/cmd/session-viewer/main.go:432.2,443.38 2 1
github.com/tadschnitzer/universal-session-viewer/go-backend/cmd/session-viewer/main.go:443.38,444.47 1 1
github.com/tadschnitzer/universal-session-viewer/go-backend/cmd/session-viewer/main.go:444.47,446.4 1 1
github.com/tadschnitzer/universal-session-viewer/go-backend/cmd/session-viewer/main.go:450.2,451.77 2 1
github.com/tadschnitzer/universal-session-viewer/go-backend/cmd/session-viewer/main.go:451.77,453.3 1 1
github.com/tadschnitzer/universal-session-viewer/go-backend/cmd/session-viewer/main.go:454.2,454.42 1 1
github.com/tadschnitzer/universal-session-viewer/go-backend/cmd/session-viewer/main.go:454.42,456.3 1 0
github.com/tadschnitzer/universal-session-viewer/go-backend/cmd/session-viewer/main.go:459.2,467.41 2 1
github.com/tadschnitzer/universal-session-viewer/go-backend/cmd/session-viewer/main.go:467.41,468.46 1 1
github.com/tadschnitzer/universal-session-viewer/go-backend/cmd/session-viewer/main.go:468.46,470.4 1 0
github.com/tadschnitzer/universal-session-viewer/go-backend/cmd/session-viewer/main.go:474.2,476.84 1 1
github.com/tadschnitzer/universal-session-viewer/go-backend/cmd/session-viewer/main.go:476.84,478.3 1 0
github.com/tadschnitzer/universal-session-viewer/go-backend/cmd/session-viewer/main.go:481.2,481.14 1 1
github.com/tadschnitzer/universal-session-viewer/go-backend/config/config.go:33.36,35.16 2 1
github.com/tadschnitzer/universal-session-viewer/go-backend/config/config.go:35.16,37.3 1 0
github.com/tadschnitzer/universal-session-viewer/go-backend/config/config.go:39.2,53.17 2 1
github.com/tadschnitzer/universal-session-viewer/go-backend/config/config.go:57.55,58.42 1 1
github.com/tadschnitzer/universal-session-viewer/go-backend/config/config.go:58.42,60.3 1 1
github.com/tadschnitzer/universal-session-viewer/go-backend/config/config.go:61.2,61.21 1 1
github.com/tadschnitzer/universal-session-viewer/go-backend/config/config.go:65.37,66.20 1 1
github.com/tadschnitzer/universal-session-viewer/go-backend/config/config.go:66.20,68.3 1 1
github.com/tadschnitzer/universal-session-viewer/go-backend/config/config.go:71.2,71.20 1 1
github.com/tadschnitzer/universal-session-viewer/go-backend/config/config.go:71.20,73.17 2 1
github.com/tadschnitzer/universal-session-viewer/go-backend/config/config.go:73.17,75.4 1 1
github.com/tadschnitzer/universal-session-viewer/go-backend/config/config.go:79.2,82.29 2 1
github.com/tadschnitzer/universal-session-viewer/go-backend/config/config.go:86.41,87.35 1 1
github.com/tadschnitzer/universal-session-viewer/go-backend/config/config.go:87.35,89.3 1 1
github.com/tadschnitzer/universal-session-viewer/go-backend/config/config.go:91.2,92.16 2 1
github.com/tadschnitzer/universal-session-viewer/go-backend/config/config.go:92.16,94.3 1 0
github.com/tadschnitzer/universal-session-viewer/go-backend/config/config.go:96.2,96.17 1 1
github.com/tadschnitzer/universal-session-viewer/go-backend/config/config.go:96.17,98.3 1 1
github.com/tadschnitzer/universal-session-viewer/go-backend/config/config.go:100.2,100.41 1 1
github.com/tadschnitzer/universal-session-viewer/go-backend/internal/llm/claude/wrapper.go:25.46,29.2 1 1
github.com/tadschnitzer/universal-session-viewer/go-backend/internal/llm/claude/wrapper.go:32.55,34.44 2 1
github.com/tadschnitzer/universal-session-viewer/go-backend/internal/llm/claude/wrapper.go:34.44,36.3 1 0
github.com/tadschnitzer/universal-session-viewer/go-backend/internal/llm/claude/wrapper.go:37.2,37.106 1 1
github.com/tadschnitzer/universal-session-viewer/go-backend/internal/llm/claude/wrapper.go:41.81,47.16 3 1
github.com/tadschnitzer/universal-session-viewer/go-backend/internal/llm/claude/wrapper.go:47.16,49.3 1 0
github.com/tadschnitzer/universal-session-viewer/go-backend/internal/llm/claude/wrapper.go:51.2,52.21 2 1
github.com/tadschnitzer/universal-session-viewer/go-backend/internal/llm/claude/wrapper.go:57.82,59.46 1 1
github.com/tadschnitzer/universal-session-viewer/go-backend/internal/llm/claude/wrapper.go:59.46,61.3 1 0
github.com/tadschnitzer/universal-session-viewer/go-backend/internal/llm/claude/wrapper.go:61.8,63.3 1 1
github.com/tadschnitzer/universal-session-viewer/go-backend/internal/llm/claude/wrapper.go:66.2,67.16 2 1
github.com/tadschnitzer/universal-session-viewer/go-backend/internal/llm/claude/wrapper.go:67.16,70.3 2 0
github.com/tadschnitzer/universal-session-viewer/go-backend/internal/llm/claude/wrapper.go:73.2,78.48 4 1
github.com/tadschnitzer/universal-session-viewer/go-backend/internal/llm/claude/wrapper.go:78.48,79.48 1 0
github.com/tadschnitzer/universal-session-viewer/go-backend/internal/llm/claude/wrapper.go:79.48,81.4 1 0
github.com/tadschnitzer/universal-session-viewer/go-backend/internal/llm/claude/wrapper.go:81.9,83.4 1 0
github.com/tadschnitzer/universal-session-viewer/go-backend/internal/llm/claude/wrapper.go:87.2,88.37 2 1
github.com/tadschnitzer/universal-session-viewer/go-backend/internal/llm/claude/wrapper.go:88.37,89.53 1 0
github.com/tadschnitzer/universal-session-viewer/go-backend/internal/llm/claude/wrapper.go:89.53,91.4 1 0
github.com/tadschnitzer/universal-session-viewer/go-backend/internal/llm/claude/wrapper.go:91.9,93.4 1 0
github.com/tadschnitzer/universal-session-viewer/go-backend/internal/llm/claude/wrapper.go:99.59,105.2 3 1
github.com/tadschnitzer/universal-session-viewer/go-backend/internal/llm/claude/wrapper.go:111.58,123.16 5 1
github.com/tadschnitzer/universal-session-viewer/go-backend/internal/llm/claude/wrapper.go:123.16,125.3 1 0
github.com/tadschnitzer/universal-session-viewer/go-backend/internal/llm/claude/wrapper.go:128.2,129.16 2 1
github.com/tadschnitzer/universal-session-viewer/go-backend/internal/llm/claude/wrapper.go:129.16,132.3 1 0
github.com/tadschnitzer/universal-session-viewer/go-backend/internal/llm/claude/wrapper.go:134.2,134.25 1 1
github.com/tadschnitzer/universal-session-viewer/go-backend/internal/llm/claude/wrapper.go:141.66,147.16 4 1
github.com/tadschnitzer/universal-session-viewer/go-backend/internal/llm/claude/wrapper.go:147.16,149.3 1 0
github.com/tadschnitzer/universal-session-viewer/go-backend/internal/llm/claude/wrapper.go:156.2,156.12 1 1
github.com/tadschnitzer/universal-session-viewer/go-backend/internal/llm/claude/wrapper.go:164.114,167.16 2 1
github.com/tadschnitzer/universal-session-viewer/go-backend/internal/llm/claude/wrapper.go:167.16,169.3 1 0
github.com/tadschnitzer/universal-session-viewer/go-backend/internal/llm/claude/wrapper.go:172.2,179.21 4 1
github.com/tadschnitzer/universal-session-viewer/go-backend/internal/llm/claude/wrapper.go:179.21,182.17 3 1
github.com/tadschnitzer/universal-session-viewer/go-backend/internal/llm/claude/wrapper.go:182.17,184.4 1 0
github.com/tadschnitzer/universal-session-viewer/go-backend/internal/llm/claude/wrapper.go:187.3,188.17 2 1
github.com/tadschnitzer/universal-session-viewer/go-backend/internal/llm/claude/wrapper.go:188.17,190.4 1 0
github.com/tadschnitzer/universal-session-viewer/go-backend/internal/llm/claude/wrapper.go:191.3,191.32 1 1
github.com/tadschnitzer/universal-session-viewer/go-backend/internal/llm/claude/wrapper.go:194.2,212.27 7 1
github.com/tadschnitzer/universal-session-viewer/go-backend/internal/llm/claude/wrapper.go:212.27,214.3 1 1
github.com/tadschnitzer/universal-session-viewer/go-backend/internal/llm/claude/wrapper.go:216.2,216.16 1 1
github.com/tadschnitzer/universal-session-viewer/go-backend/internal/llm/claude/wrapper.go:216.16,217.47 1 1
github.com/tadschnitzer/universal-session-viewer/go-backend/internal/llm/claude/wrapper.go:217.47,219.4 1 0
github.com/tadschnitzer/universal-session-viewer/go-backend/internal/llm/claude/wrapper.go:220.3,220.87 1 1
github.com/tadschnitzer/universal-session-viewer/go-backend/internal/llm/claude/wrapper.go:224.2,227.24 2 1
github.com/tadschnitzer/universal-session-viewer/go-backend/internal/llm/claude/wrapper.go:227.24,229.3 1 0
github.com/tadschnitzer/universal-session-viewer/go-backend/internal/llm/claude/wrapper.go:231.2,231.26 1 1
